This is pdfTeX, Version 3.1415926-2.5-1.40.14 (TeX Live 2013/Debian) (format=pdflatex 2014.10.13)  15 JUN 2015 17:40
entering extended mode
 restricted \write18 enabled.
 %&-line parsing enabled.
**appendix.tex
(./appendix.tex
LaTeX2e <2011/06/27>
Babel <3.9h> and hyphenation patterns for 2 languages loaded.
(/usr/share/texlive/texmf-dist/tex/latex/base/report.cls
Document Class: report 2007/10/19 v1.4h Standard LaTeX document class
(/usr/share/texlive/texmf-dist/tex/latex/base/size10.clo
File: size10.clo 2007/10/19 v1.4h Standard LaTeX file (size option)
)
\c@part=\count79
\c@chapter=\count80
\c@section=\count81
\c@subsection=\count82
\c@subsubsection=\count83
\c@paragraph=\count84
\c@subparagraph=\count85
\c@figure=\count86
\c@table=\count87
\abovecaptionskip=\skip41
\belowcaptionskip=\skip42
\bibindent=\dimen102
)
(/usr/share/texlive/texmf-dist/tex/latex/geometry/geometry.sty
Package: geometry 2010/09/12 v5.6 Page Geometry

(/usr/share/texlive/texmf-dist/tex/latex/graphics/keyval.sty
Package: keyval 1999/03/16 v1.13 key=value parser (DPC)
\KV@toks@=\toks14
)
(/usr/share/texlive/texmf-dist/tex/generic/oberdiek/ifpdf.sty
Package: ifpdf 2011/01/30 v2.3 Provides the ifpdf switch (HO)
Package ifpdf Info: pdfTeX in PDF mode is detected.
)
(/usr/share/texlive/texmf-dist/tex/generic/oberdiek/ifvtex.sty
Package: ifvtex 2010/03/01 v1.5 Detect VTeX and its facilities (HO)
Package ifvtex Info: VTeX not detected.
)
(/usr/share/texlive/texmf-dist/tex/generic/ifxetex/ifxetex.sty
Package: ifxetex 2010/09/12 v0.6 Provides ifxetex conditional
)
\Gm@cnth=\count88
\Gm@cntv=\count89
\c@Gm@tempcnt=\count90
\Gm@bindingoffset=\dimen103
\Gm@wd@mp=\dimen104
\Gm@odd@mp=\dimen105
\Gm@even@mp=\dimen106
\Gm@layoutwidth=\dimen107
\Gm@layoutheight=\dimen108
\Gm@layouthoffset=\dimen109
\Gm@layoutvoffset=\dimen110
\Gm@dimlist=\toks15
)
\@input{hyperref.aux}
\openout2 = `hyperref.aux'.

No file hyperref.tex.
(/usr/share/texlive/texmf-dist/tex/latex/tools/tabularx.sty
Package: tabularx 1999/01/07 v2.07 `tabularx' package (DPC)

(/usr/share/texlive/texmf-dist/tex/latex/tools/array.sty
Package: array 2008/09/09 v2.4c Tabular extension package (FMi)
\col@sep=\dimen111
\extrarowheight=\dimen112
\NC@list=\toks16
\extratabsurround=\skip43
\backup@length=\skip44
)
\TX@col@width=\dimen113
\TX@old@table=\dimen114
\TX@old@col=\dimen115
\TX@target=\dimen116
\TX@delta=\dimen117
\TX@cols=\count91
\TX@ftn=\toks17
)
(/usr/share/texlive/texmf-dist/tex/latex/fancyhdr/fancyhdr.sty
\fancy@headwidth=\skip45
\f@ncyO@elh=\skip46
\f@ncyO@erh=\skip47
\f@ncyO@olh=\skip48
\f@ncyO@orh=\skip49
\f@ncyO@elf=\skip50
\f@ncyO@erf=\skip51
\f@ncyO@olf=\skip52
\f@ncyO@orf=\skip53
)
(/usr/share/texlive/texmf-dist/tex/latex/titlesec/titlesec.sty
Package: titlesec 2011/12/15 v2.10.0 Sectioning titles
\ttl@box=\box26
\beforetitleunit=\skip54
\aftertitleunit=\skip55
\ttl@plus=\dimen118
\ttl@minus=\dimen119
\ttl@toksa=\toks18
\titlewidth=\dimen120
\titlewidthlast=\dimen121
\titlewidthfirst=\dimen122
)
(/usr/share/texlive/texmf-dist/tex/latex/lipsum/lipsum.sty
Package: lipsum 2011/04/14 v1.2 150 paragraphs of Lorem Ipsum dummy text
\c@lips@count=\count92
) (./appendix.aux)
\openout1 = `appendix.aux'.

LaTeX Font Info:    Checking defaults for OML/cmm/m/it on input line 29.
LaTeX Font Info:    ... okay on input line 29.
LaTeX Font Info:    Checking defaults for T1/cmr/m/n on input line 29.
LaTeX Font Info:    ... okay on input line 29.
LaTeX Font Info:    Checking defaults for OT1/cmr/m/n on input line 29.
LaTeX Font Info:    ... okay on input line 29.
LaTeX Font Info:    Checking defaults for OMS/cmsy/m/n on input line 29.
LaTeX Font Info:    ... okay on input line 29.
LaTeX Font Info:    Checking defaults for OMX/cmex/m/n on input line 29.
LaTeX Font Info:    ... okay on input line 29.
LaTeX Font Info:    Checking defaults for U/cmr/m/n on input line 29.
LaTeX Font Info:    ... okay on input line 29.

*geometry* driver: auto-detecting
*geometry* detected driver: pdftex
*geometry* verbose mode - [ preamble ] result:
* driver: pdftex
* paper: <default>
* layout: <same size as paper>
* layoutoffset:(h,v)=(0.0pt,0.0pt)
* modes: twoside 
* h-part:(L,W,R)=(56.9055pt, 500.484pt, 56.9055pt)
* v-part:(T,H,B)=(95.39737pt, 556.47656pt, 143.09605pt)
* \paperwidth=614.295pt
* \paperheight=794.96999pt
* \textwidth=500.484pt
* \textheight=556.47656pt
* \oddsidemargin=-15.36449pt
* \evensidemargin=-15.36449pt
* \topmargin=-13.87262pt
* \headheight=46.0pt
* \headsep=25.0pt
* \topskip=10.0pt
* \footskip=30.0pt
* \marginparwidth=121.0pt
* \marginparsep=11.0pt
* \columnsep=10.0pt
* \skip\footins=9.0pt plus 4.0pt minus 2.0pt
* \hoffset=0.0pt
* \voffset=0.0pt
* \mag=1000
* \@twocolumnfalse
* \@twosidetrue
* \@mparswitchtrue
* \@reversemarginfalse
* (1in=72.27pt=25.4mm, 1cm=28.453pt)


! LaTeX Error: Environment tableminipage undefined.

See the LaTeX manual or LaTeX Companion for explanation.
Type  H <return>  for immediate help.
 ...                                              
                                                  
l.35 \begin{tableminipage}
                          {\textwidth}
Your command was ignored.
Type  I <command> <return>  to replace it with another command,
or  <return>  to continue without it.

! Missing number, treated as zero.
<to be read again> 
                   }
l.35 \begin{tableminipage}{\textwidth}
                                      
A number should have been here; I inserted `0'.
(If you can't figure out why I needed to see a number,
look up `weird error' in the index to The TeXbook.)

! Illegal unit of measure (pt inserted).
<to be read again> 
                   }
l.35 \begin{tableminipage}{\textwidth}
                                      
Dimensions can be in units of em, ex, in, pt, pc,
cm, mm, dd, cc, nd, nc, bp, or sp; but yours is a new one!
I'll assume that you meant to say pt, for printer's points.
To recover gracefully from this error, it's best to
delete the erroneous units; e.g., type `2' to delete
two letters. (See Chapter 27 of The TeXbook.)

Missing character: There is no Â in font cmr10!
Missing character: There is no º in font cmr10!
Missing character: There is no Â in font cmr10!
Missing character: There is no º in font cmr10!

Underfull \hbox (badness 10000) in paragraph at lines 57--57
[]|\OT1/cmr/m/n/10 Biological Pro-
 []

Missing character: There is no Â in font cmr10!
Missing character: There is no º in font cmr10!

Underfull \hbox (badness 10000) in paragraph at lines 57--57
[]|\OT1/cmr/m/n/10 GO:0051726,
 []


Underfull \hbox (badness 10000) in paragraph at lines 57--57
\OT1/cmr/m/n/10 GO:0008285,
 []


Underfull \hbox (badness 2205) in paragraph at lines 57--57
\OT1/cmr/m/n/10 DYRK2, NCK1, PRKACB, CYLD, EFNB2, PDPK1,
 []


Underfull \hbox (badness 10000) in paragraph at lines 57--57
[]|\OT1/cmr/m/n/10 GO:0045088,
 []


Underfull \hbox (badness 10000) in paragraph at lines 57--57
\OT1/cmr/m/n/10 GO:0051249,
 []


Underfull \hbox (badness 10000) in paragraph at lines 57--57
\OT1/cmr/m/n/10 GO:0002684,
 []


Underfull \hbox (badness 10000) in paragraph at lines 57--57
\OT1/cmr/m/n/10 GO:0006955,
 []


Underfull \hbox (badness 10000) in paragraph at lines 57--57
\OT1/cmr/m/n/10 GO:1903037,
 []


Underfull \hbox (badness 2229) in paragraph at lines 57--57
[]|\OT1/cmr/m/n/10 Regulation of hy-
 []


Underfull \hbox (badness 1038) in paragraph at lines 57--57
[]|\OT1/cmr/m/n/10 Activation of pro-
 []


Overfull \hbox (28.36739pt too wide) in alignment at lines 57--57
[][][][] 
 []

LaTeX Font Info:    External font `cmex10' loaded for size
(Font)              <8> on input line 57.
LaTeX Font Info:    External font `cmex10' loaded for size
(Font)              <6> on input line 57.

! LaTeX Error: \begin{table*} on input line 33 ended by \end{tableminipage}.

See the LaTeX manual or LaTeX Companion for explanation.
Type  H <return>  for immediate help.
 ...                                              
                                                  
l.59 \end{tableminipage}
                        
Your command was ignored.
Type  I <command> <return>  to replace it with another command,
or  <return>  to continue without it.

[1{/var/lib/texmf/fonts/map/pdftex/updmap/pdftex.map}



]
Missing character: There is no Â in font cmr10!
Missing character: There is no º in font cmr10!
Missing character: There is no Â in font cmr10!
Missing character: There is no º in font cmr10!

Underfull \hbox (badness 10000) in paragraph at lines 86--86
[]|\OT1/cmr/m/n/10 Biological Pro-
 []

Missing character: There is no Â in font cmr10!
Missing character: There is no º in font cmr10!

Underfull \hbox (badness 10000) in paragraph at lines 86--86
[]|\OT1/cmr/m/n/10 Metabolic Pro-
 []


Underfull \hbox (badness 10000) in paragraph at lines 86--86
[]|\OT1/cmr/m/n/10 GO:1903050
 []


Underfull \hbox (badness 10000) in paragraph at lines 86--86
\OT1/cmr/m/n/10 GO:0042180
 []


Underfull \hbox (badness 10000) in paragraph at lines 86--86
\OT1/cmr/m/n/10 GO:0045862
 []


Underfull \hbox (badness 10000) in paragraph at lines 86--86
\OT1/cmr/m/n/10 GO:0034655
 []


Underfull \hbox (badness 10000) in paragraph at lines 86--86
\OT1/cmr/m/n/10 GO:0005996
 []


Underfull \hbox (badness 10000) in paragraph at lines 86--86
\OT1/cmr/m/n/10 GO:0006066
 []


Underfull \hbox (badness 10000) in paragraph at lines 86--86
\OT1/cmr/m/n/10 GO:0044265
 []


Underfull \hbox (badness 10000) in paragraph at lines 86--86
\OT1/cmr/m/n/10 GO:0043085,
 []


Underfull \hbox (badness 2126) in paragraph at lines 86--86
\OT1/cmr/m/n/10 CYR61, FUCA1, CFH, FBXW7, PCMTD1, PSMD4,
 []


Underfull \hbox (badness 2229) in paragraph at lines 86--86
\OT1/cmr/m/n/10 PSMC1, DRG1, RPL27A, ATG10, ZNF554, PSMD3,
 []


Underfull \hbox (badness 1237) in paragraph at lines 86--86
\OT1/cmr/m/n/10 POLR3GL, RGS4, FBXW7, SAMD4B, NPY1R, EIF6,
 []


Underfull \hbox (badness 2205) in paragraph at lines 86--86
\OT1/cmr/m/n/10 USP7, USP7 , INPPL1, TRIP6, PPAP2A, SEC31A,
 []


Underfull \hbox (badness 10000) in paragraph at lines 86--86
[]|\OT1/cmr/m/n/10 GO:0043062,
 []


Underfull \hbox (badness 10000) in paragraph at lines 86--86
\OT1/cmr/m/n/10 GO:0044419,
 []


Underfull \hbox (badness 10000) in paragraph at lines 86--86
\OT1/cmr/m/n/10 GO:0051234,
 []


Underfull \hbox (badness 2050) in paragraph at lines 86--86
\OT1/cmr/m/n/10 SNCAIP, PSMD4, RPL27A, CTNNB1, CTSD, RPS9,
 []


Underfull \hbox (badness 10000) in paragraph at lines 86--86
[]|\OT1/cmr/m/n/10 Transport and
 []


Underfull \hbox (badness 10000) in paragraph at lines 86--86
[]|\OT1/cmr/m/n/10 GO:0006887,
 []


Underfull \hbox (badness 10000) in paragraph at lines 86--86
\OT1/cmr/m/n/10 GO:0016482,
 []


Underfull \hbox (badness 10000) in paragraph at lines 86--86
\OT1/cmr/m/n/10 GO:0006816,
 []


Underfull \hbox (badness 10000) in paragraph at lines 86--86
\OT1/cmr/m/n/10 GO:0072511,
 []


Underfull \hbox (badness 10000) in paragraph at lines 86--86
\OT1/cmr/m/n/10 GO:0060249,
 []


Underfull \hbox (badness 10000) in paragraph at lines 86--86
\OT1/cmr/m/n/10 GO:0051650,
 []


Underfull \hbox (badness 3919) in paragraph at lines 86--86
[]|\OT1/cmr/m/n/10 SLC35B4, TMEM63A, U2AF1, HOMER3, SLC39A7,
 []


Underfull \hbox (badness 1769) in paragraph at lines 86--86
\OT1/cmr/m/n/10 HNMT, CTNNB1, CCL8, TRAPPC2, TRIP6, RPA2,
 []


Underfull \hbox (badness 10000) in paragraph at lines 86--86
[]|\OT1/cmr/m/n/10 DNA & Pro-tein
 []


Underfull \hbox (badness 10000) in paragraph at lines 86--86
[]|\OT1/cmr/m/n/10 GO:1903322,
 []


Underfull \hbox (badness 10000) in paragraph at lines 86--86
\OT1/cmr/m/n/10 GO:0032259,
 []


Underfull \hbox (badness 10000) in paragraph at lines 86--86
\OT1/cmr/m/n/10 GO:0031400,
 []


Underfull \hbox (badness 10000) in paragraph at lines 86--86
\OT1/cmr/m/n/10 GO:0006605,
 []


Underfull \hbox (badness 10000) in paragraph at lines 86--86
\OT1/cmr/m/n/10 GO:0032446,
 []


Underfull \hbox (badness 3701) in paragraph at lines 86--86
\OT1/cmr/m/n/10 OGT, PSMD4, FBXW7, PSMC1, HNMT, RPL27A,
 []


Underfull \hbox (badness 4518) in paragraph at lines 86--86
[]|\OT1/cmr/m/n/10 Immune Re-sponse
 []


Underfull \hbox (badness 10000) in paragraph at lines 86--86
[]|\OT1/cmr/m/n/10 GO:0002478,
 []


Underfull \hbox (badness 10000) in paragraph at lines 86--86
\OT1/cmr/m/n/10 GO:0019882,
 []


Underfull \hbox (badness 10000) in paragraph at lines 86--86
\OT1/cmr/m/n/10 GO:0016032,
 []


Underfull \hbox (badness 10000) in paragraph at lines 86--86
\OT1/cmr/m/n/10 GO:0001817,
 []


Underfull \hbox (badness 10000) in paragraph at lines 86--86
[]|\OT1/cmr/m/n/10 GO:0030111,
 []


Underfull \hbox (badness 10000) in paragraph at lines 86--86
\OT1/cmr/m/n/10 GO:0060548,
 []


Overfull \hbox (28.36739pt too wide) in alignment at lines 86--86
[][][][] 
 []


LaTeX Warning: Float too large for page by 5.6123pt on input line 88.

[2] (./appendix.aux) ) 
Here is how much of TeX's memory you used:
 1418 strings out of 495028
 18136 string characters out of 6181496
 176050 words of memory out of 5000000
 4667 multiletter control sequences out of 15000+600000
 6124 words of font info for 22 fonts, out of 8000000 for 9000
 14 hyphenation exceptions out of 8191
 28i,15n,43p,743b,303s stack positions out of 5000i,500n,10000p,200000b,80000s
</usr/share/texlive/texmf-dist/fonts/type1/public/amsfont
s/cm/cmbx10.pfb></usr/share/texlive/texmf-dist/fonts/type1/public/amsfonts/cm/c
mr10.pfb></usr/share/texlive/texmf-dist/fonts/type1/public/amsfonts/cm/cmr7.pfb
>
Output written on appendix.pdf (2 pages, 46376 bytes).
PDF statistics:
 23 PDF objects out of 1000 (max. 8388607)
 15 compressed objects within 1 object stream
 0 named destinations out of 1000 (max. 500000)
 1 words of extra memory for PDF output out of 10000 (max. 10000000)

